[debug] [2022-04-18T11:27:31.822Z] ----------------------------------------------------------------------
[debug] [2022-04-18T11:27:31.827Z] Command:       C:\Program Files\nodejs\node.exe C:\Users\sayko\AppData\Roaming\npm\node_modules\firebase-tools\lib\bin\firebase.js init
[debug] [2022-04-18T11:27:31.828Z] CLI Version:   10.6.0
[debug] [2022-04-18T11:27:31.828Z] Platform:      win32
[debug] [2022-04-18T11:27:31.829Z] Node Version:  v17.8.0
[debug] [2022-04-18T11:27:31.830Z] Time:          Mon Apr 18 2022 17:27:31 GMT+0600 (Bangladesh Standard Time)
[debug] [2022-04-18T11:27:31.830Z] ----------------------------------------------------------------------
[debug] 
[debug] [2022-04-18T11:27:31.848Z] > command requires scopes: ["email","openid","https://www.googleapis.com/auth/cloudplatformprojects.readonly","https://www.googleapis.com/auth/firebase","https://www.googleapis.com/auth/cloud-platform"]
[debug] [2022-04-18T11:27:31.849Z] > authorizing via signed-in user (saykot.cse43@gmail.com)
[info] 
     ######## #### ########  ######## ########     ###     ######  ########
     ##        ##  ##     ## ##       ##     ##  ##   ##  ##       ##
     ######    ##  ########  ######   ########  #########  ######  ######
     ##        ##  ##    ##  ##       ##     ## ##     ##       ## ##
     ##       #### ##     ## ######## ########  ##     ##  ######  ########

You're about to initialize a Firebase project in this directory:

  D:\progrmming herro\Assignment All\11\assignment10

[debug] [2022-04-18T11:31:22.437Z] Error: kill ENOSYS
    at process.kill (node:internal/process/per_thread:220:13)
    at process.listener (C:\Users\sayko\AppData\Roaming\npm\node_modules\firebase-tools\node_modules\signal-exit\index.js:95:15)
    at process.emit (node:events:527:28)
[error] 
[error] Error: An unexpected error has occurred.
